<?xml version="1.0" encoding="UTF-8"?>
<testsuite xmlns:xsi="http://www.w3.org/2001/XMLSchema-instance" xsi:noNamespaceSchemaLocation="https://maven.apache.org/surefire/maven-surefire-plugin/xsd/surefire-test-report-3.0.xsd" version="3.0" name="com.appsdeveloperblog.estore.service.UserServiceTest" time="0.382" tests="6" errors="0" skipped="0" failures="0">
  <properties>
[...]
</properties>
  <testcase name="testCreateUser_whenUserCreated_schedulesEmailConfirmation" classname="com.appsdeveloperblog.estore.service.UserServiceTest" time="0.35">
    <system-out><![CDATA[scheduleEmailConfirmation is called
]]></system-out>
  </testcase>
  <testcase name="testCreateUser_whenLastNameIsEmpty_throwsIllegalArgumentException" classname="com.appsdeveloperblog.estore.service.UserServiceTest" time="0.005"/>
  <testcase name="testCreateUser_whenSaveMethodThrowsException_thenThrowsUserServiceException" classname="com.appsdeveloperblog.estore.service.UserServiceTest" time="0.003"/>
  <testcase name="testCreateUser_whenEmailNotificationExceptionThrown_throwsUserServiceException" classname="com.appsdeveloperblog.estore.service.UserServiceTest" time="0.002"/>
  <testcase name="testCreateUser_whenFirstNameIsEmpty_throwsIllegalArgumentException" classname="com.appsdeveloperblog.estore.service.UserServiceTest" time="0.001"/>
  <testcase name="testCreateUser_whenUserDetailsProvided_returnsUserObject" classname="com.appsdeveloperblog.estore.service.UserServiceTest" time="0.002"/>
</testsuite>